<?xml version="1.0" encoding="UTF-8"?>
<!-- Generated by org.testng.reporters.JUnitReportReporter -->
<testsuite hostname="DESKTOP-FVFDV2E" failures="0" tests="3" name="dhruvakumar.tests.TicketModule" time="36.347" errors="0" timestamp="2024-01-05T18:48:32 IST" skipped="0">
  <testcase classname="dhruvakumar.tests.TicketModule" name="submitOrder" time="21.375"/>
  <testcase classname="dhruvakumar.tests.TicketModule" name="submitOrder" time="8.850"/>
  <testcase classname="dhruvakumar.tests.TicketModule" name="OrderHistoryTest" time="6.122"/>
</testsuite> <!-- dhruvakumar.tests.TicketModule -->
