<?xml version="1.0" encoding="UTF-8"?>
<!-- Generated by org.testng.reporters.JUnitReportReporter -->
<testsuite hostname="DESKTOP-FVFDV2E" failures="0" tests="3" name="dhruvakumar.tests.SubmitOrderTest" time="44.363" errors="0" timestamp="2024-01-05T20:32:57 IST" skipped="0">
  <testcase classname="dhruvakumar.tests.SubmitOrderTest" name="submitOrder" time="19.732"/>
  <testcase classname="dhruvakumar.tests.SubmitOrderTest" name="submitOrder" time="20.123"/>
  <testcase classname="dhruvakumar.tests.SubmitOrderTest" name="OrderHistoryTest" time="4.508"/>
</testsuite> <!-- dhruvakumar.tests.SubmitOrderTest -->
