<?xml version="1.0" encoding="UTF-8"?>
<!-- Generated by org.testng.reporters.JUnitReportReporter -->
<testsuite hostname="DESKTOP-FVFDV2E" failures="0" tests="2" name="dhruvakumar.tests.ErrorValidationTest" time="31.361" errors="0" timestamp="2024-01-05T20:45:57 IST" skipped="0">
  <testcase classname="dhruvakumar.tests.ErrorValidationTest" name="productErrorValidation" time="17.757"/>
  <testcase classname="dhruvakumar.tests.ErrorValidationTest" name="loginErrorValidation" time="13.604"/>
</testsuite> <!-- dhruvakumar.tests.ErrorValidationTest -->
